<?xml version="1.0" encoding="UTF-8"?>
<testng-results skipped="0" failed="0" ignored="0" total="2" passed="2">
  <reporter-output>
  </reporter-output>
  <suite name="Default suite" duration-ms="47726" started-at="2018-06-22T16:05:27Z" finished-at="2018-06-22T16:06:15Z">
    <groups>
    </groups>
    <test name="Default test" duration-ms="47726" started-at="2018-06-22T16:05:27Z" finished-at="2018-06-22T16:06:15Z">
      <class name="org.dbserver.evaluation.store.testcases.BuyProductTestCase">
        <test-method status="PASS" signature="start()[pri:0, instance:org.dbserver.evaluation.store.testcases.BuyProductTestCase@eca6a74]" name="start" is-config="true" duration-ms="7903" started-at="2018-06-22T16:05:27Z" finished-at="2018-06-22T16:05:35Z">
          <reporter-output>
          </reporter-output>
        </test-method> <!-- start -->
        <test-method status="PASS" signature="testOne(java.lang.String, java.lang.String)[pri:0, instance:org.dbserver.evaluation.store.testcases.BuyProductTestCase@eca6a74]" name="testOne" duration-ms="24963" started-at="2018-06-22T16:05:35Z" data-provider="ProductSearch" finished-at="2018-06-22T16:06:00Z">
          <params>
            <param index="0">
              <value>
                <![CDATA[Batman]]>
              </value>
            </param>
            <param index="1">
              <value>
                <![CDATA[button_cart_ajax94]]>
              </value>
            </param>
          </params>
          <reporter-output>
          </reporter-output>
        </test-method> <!-- testOne -->
        <test-method status="PASS" signature="testOne(java.lang.String, java.lang.String)[pri:0, instance:org.dbserver.evaluation.store.testcases.BuyProductTestCase@eca6a74]" name="testOne" duration-ms="12967" started-at="2018-06-22T16:06:00Z" data-provider="ProductSearch" finished-at="2018-06-22T16:06:13Z">
          <params>
            <param index="0">
              <value>
                <![CDATA[PS3]]>
              </value>
            </param>
            <param index="1">
              <value>
                <![CDATA[button_cart_ajax90]]>
              </value>
            </param>
          </params>
          <reporter-output>
          </reporter-output>
        </test-method> <!-- testOne -->
        <test-method status="PASS" signature="tearDown()[pri:0, instance:org.dbserver.evaluation.store.testcases.BuyProductTestCase@eca6a74]" name="tearDown" is-config="true" duration-ms="1843" started-at="2018-06-22T16:06:13Z" finished-at="2018-06-22T16:06:15Z">
          <reporter-output>
          </reporter-output>
        </test-method> <!-- tearDown -->
      </class> <!-- org.dbserver.evaluation.store.testcases.BuyProductTestCase -->
    </test> <!-- Default test -->
  </suite> <!-- Default suite -->
</testng-results>
