<?xml version="1.0" encoding="UTF-8"?>
<!-- Generated by org.testng.reporters.JUnitXMLReporter -->
<testsuite hostname="DESKTOP-RK11H6R" ignored="0" name="Default test" tests="2" failures="0" timestamp="22 jun 2018 16:06:15 GMT" time="47.726" errors="0">
  <testcase name="testOne" time="24.963" classname="org.dbserver.evaluation.store.testcases.BuyProductTestCase"/>
  <testcase name="testOne" time="12.967" classname="org.dbserver.evaluation.store.testcases.BuyProductTestCase"/>
</testsuite> <!-- Default test -->
